---------------------------------------------------------------
TxId	Txtype	Operation	ObId:Obvalue:optime	LockType	Status		TxStatus
T3	W 	BeginTx
T3	      	ReadTx		4:-1:456		ReadLock	Granted		 P
T3	      	ReadTx		5:-1:456		ReadLock	Granted		 P
T3	      	ReadTx		6:-1:456		ReadLock	Granted		 P
T1	W 	BeginTx
T1	      	ReadTx		1:-1:277		ReadLock	Granted		 P
T1	      	ReadTx		2:-1:277		ReadLock	Granted		 P
T3	      	CommitTx								


T1	      	CommitTx								
---------------------------------------------------------------
TxId	Txtype	Operation	ObId:Obvalue:optime	LockType	Status		TxStatus
T3	W 	BeginTx
T3	      	ReadTx		4:-1:456		ReadLock	Granted		 P
T3	      	ReadTx		5:-1:456		ReadLock	Granted		 P
T3	      	ReadTx		6:-1:456		ReadLock	Granted		 P
T1	W 	BeginTx
T2	W 	BeginTx
T1	      	ReadTx		1:-1:277		ReadLock	Granted		 P
T2	      	ReadTx		2:-1:235		ReadLock	Granted		 P
T3	      	CommitTx								

